<?xml version="1.0" encoding="UTF-8"?>
<!-- Generated by org.testng.reporters.JUnitReportReporter -->
<testsuite hostname="DESKTOP-RTOOT5Q" failures="0" tests="8" name="com.zoho.testcases.TopMenu" time="0.074" errors="0" timestamp="2021-05-04T21:00:40 IST" skipped="6">
  <testcase classname="com.zoho.testcases.TopMenu" name="validateLinks" time="0.003">
    <skipped/>
  </testcase> <!-- validateLinks -->
  <testcase classname="com.zoho.testcases.TopMenu" name="gotoTopMenuLink" time="0.019"/>
  <testcase classname="com.zoho.testcases.TopMenu" name="validateLinks" time="0.008">
    <skipped/>
  </testcase> <!-- validateLinks -->
  <testcase classname="com.zoho.testcases.TopMenu" name="gotoTopMenuLink" time="0.007">
    <skipped/>
  </testcase> <!-- gotoTopMenuLink -->
  <testcase classname="com.zoho.testcases.TopMenu" name="gotoTopMenuLink" time="0.008">
    <skipped/>
  </testcase> <!-- gotoTopMenuLink -->
  <testcase classname="com.zoho.testcases.TopMenu" name="gotoTopMenuLink" time="0.003">
    <skipped/>
  </testcase> <!-- gotoTopMenuLink -->
  <testcase classname="com.zoho.testcases.TopMenu" name="validateLinks" time="0.022"/>
  <testcase classname="com.zoho.testcases.TopMenu" name="validateLinks" time="0.004">
    <skipped/>
  </testcase> <!-- validateLinks -->
</testsuite> <!-- com.zoho.testcases.TopMenu -->
