<?xml version="1.0" encoding="UTF-8"?>
<!-- Generated by org.testng.reporters.JUnitReportReporter -->
<testsuite skipped="1" hostname="DESKTOP-RTOOT5Q" name="com.zoho.testcases.StandaloneDeleteLead" tests="3" failures="0" timestamp="2021-04-19T20:56:13 IST" time="0.022" errors="0">
  <testcase name="deleteLead" time="0.009" classname="com.zoho.testcases.StandaloneDeleteLead"/>
  <testcase name="deleteLead" time="0.005" classname="com.zoho.testcases.StandaloneDeleteLead"/>
  <testcase name="deleteLead" time="0.008" classname="com.zoho.testcases.StandaloneDeleteLead">
    <skipped/>
  </testcase> <!-- deleteLead -->
</testsuite> <!-- com.zoho.testcases.StandaloneDeleteLead -->
