<?xml version="1.0" encoding="UTF-8"?>
<!-- Generated by org.testng.reporters.JUnitReportReporter -->
<testsuite hostname="DESKTOP-RTOOT5Q" failures="0" tests="20" name="com.zoho.testcases.Leads" time="0.197" errors="0" timestamp="2021-05-04T21:00:40 IST" skipped="10">
  <testcase classname="com.zoho.testcases.Leads" name="createLead" time="0.003">
    <skipped/>
  </testcase> <!-- createLead -->
  <testcase classname="com.zoho.testcases.Leads" name="verifyLeadCreation" time="0.067"/>
  <testcase classname="com.zoho.testcases.Leads" name="verifyLeadCreation" time="0.005"/>
  <testcase classname="com.zoho.testcases.Leads" name="createLead" time="0.021"/>
  <testcase classname="com.zoho.testcases.Leads" name="verifyLeadCreation" time="0.004">
    <skipped/>
  </testcase> <!-- verifyLeadCreation -->
  <testcase classname="com.zoho.testcases.Leads" name="createLead" time="0.007">
    <skipped/>
  </testcase> <!-- createLead -->
  <testcase classname="com.zoho.testcases.Leads" name="verifyLeadCreation" time="0.004"/>
  <testcase classname="com.zoho.testcases.Leads" name="createLead" time="0.013">
    <skipped/>
  </testcase> <!-- createLead -->
  <testcase classname="com.zoho.testcases.Leads" name="createLead" time="0.006"/>
  <testcase classname="com.zoho.testcases.Leads" name="verifyLeadCreation" time="0.005"/>
  <testcase classname="com.zoho.testcases.Leads" name="createLead" time="0.004"/>
  <testcase classname="com.zoho.testcases.Leads" name="verifyLeadCreation" time="0.006"/>
  <testcase classname="com.zoho.testcases.Leads" name="verifyLeadCreation" time="0.010">
    <skipped/>
  </testcase> <!-- verifyLeadCreation -->
  <testcase classname="com.zoho.testcases.Leads" name="createLead" time="0.002">
    <skipped/>
  </testcase> <!-- createLead -->
  <testcase classname="com.zoho.testcases.Leads" name="createLead" time="0.002">
    <skipped/>
  </testcase> <!-- createLead -->
  <testcase classname="com.zoho.testcases.Leads" name="createLead" time="0.013"/>
  <testcase classname="com.zoho.testcases.Leads" name="verifyLeadCreation" time="0.002">
    <skipped/>
  </testcase> <!-- verifyLeadCreation -->
  <testcase classname="com.zoho.testcases.Leads" name="verifyLeadCreation" time="0.012">
    <skipped/>
  </testcase> <!-- verifyLeadCreation -->
  <testcase classname="com.zoho.testcases.Leads" name="createLead" time="0.008"/>
  <testcase classname="com.zoho.testcases.Leads" name="verifyLeadCreation" time="0.003">
    <skipped/>
  </testcase> <!-- verifyLeadCreation -->
</testsuite> <!-- com.zoho.testcases.Leads -->
