<?xml version="1.0" encoding="UTF-8"?>
<!-- Generated by org.testng.reporters.JUnitReportReporter -->
<testsuite skipped="0" hostname="DESKTOP-RTOOT5Q" name="com.zoho.testcases.CreateLeadTest" tests="1" failures="0" timestamp="2021-04-08T20:26:29 IST" time="11.988" errors="0">
  <testcase name="createLead" time="11.988" classname="com.zoho.testcases.CreateLeadTest"/>
</testsuite> <!-- com.zoho.testcases.CreateLeadTest -->
