<?xml version="1.0" encoding="UTF-8"?>
<!-- Generated by org.testng.reporters.JUnitReportReporter -->
<testsuite skipped="0" hostname="DESKTOP-RTOOT5Q" name="com.zoho.testcases.SampleReportingTest" tests="1" failures="0" timestamp="2021-04-13T20:22:42 IST" time="0.836" errors="0">
  <testcase name="doLogin" time="0.836" classname="com.zoho.testcases.SampleReportingTest"/>
</testsuite> <!-- com.zoho.testcases.SampleReportingTest -->
